2022-09-21 14:57:23,306 DEBUG Horse: Создание Horse, имя [Red Rum], скорость [2.4]
2022-09-21 14:57:23,310 DEBUG Horse: Создание Horse, имя [Lost in the Fog], скорость [2.5]
2022-09-21 14:57:23,310 DEBUG Horse: Создание Horse, имя [Native Dancer], скорость [2.6]
2022-09-21 14:57:23,311 DEBUG Horse: Создание Horse, имя [Justify], скорость [2.7]
2022-09-21 14:57:23,311 DEBUG Horse: Создание Horse, имя [Black Caviar], скорость [2.8]
2022-09-21 14:57:23,311 DEBUG Horse: Создание Horse, имя [War Admiral], скорость [2.9]
2022-09-21 14:57:23,317 DEBUG Horse: Создание Horse, имя [Eclipse], скорость [3.0]
2022-09-21 14:57:23,319 DEBUG Hippodrome: Создание Hippodrome, лошадей [7]
2022-09-21 14:57:23,319 INFO Main: Начало скачек. Количество участников: 7
2022-09-21 14:57:43,849 INFO Main: Окончание скачек. Победитель: Eclipse
2022-09-21 14:59:14,939 INFO Main: Начало скачек. Количество участников: 7
2022-09-21 14:59:35,510 INFO Main: Окончание скачек. Победитель: Eclipse
2022-09-21 15:01:01,723 DEBUG Horse: Создание Horse, имя [Red Rum], скорость [2.4]
2022-09-21 15:01:01,729 DEBUG Horse: Создание Horse, имя [Lost in the Fog], скорость [2.5]
2022-09-21 15:01:01,729 DEBUG Horse: Создание Horse, имя [Native Dancer], скорость [2.6]
2022-09-21 15:01:01,729 DEBUG Horse: Создание Horse, имя [Justify], скорость [2.7]
2022-09-21 15:01:01,729 DEBUG Horse: Создание Horse, имя [Black Caviar], скорость [2.8]
2022-09-21 15:01:01,729 DEBUG Horse: Создание Horse, имя [War Admiral], скорость [2.9]
2022-09-21 15:01:01,730 DEBUG Horse: Создание Horse, имя [Eclipse], скорость [3.0]
2022-09-21 15:01:01,731 DEBUG Hippodrome: Создание Hippodrome, лошадей [7]
2022-09-21 15:01:01,732 INFO Main: Начало скачек. Количество участников: 7
2022-09-21 15:01:22,062 INFO Main: Окончание скачек. Победитель: Eclipse
2022-09-21 15:02:03,546 DEBUG Horse: Создание Horse, имя [Red Rum], скорость [2.4]
2022-09-21 15:02:03,553 DEBUG Horse: Создание Horse, имя [Lost in the Fog], скорость [2.5]
2022-09-21 15:02:03,553 DEBUG Horse: Создание Horse, имя [Native Dancer], скорость [2.6]
2022-09-21 15:02:03,554 DEBUG Horse: Создание Horse, имя [Justify], скорость [2.7]
2022-09-21 15:02:03,554 DEBUG Horse: Создание Horse, имя [Black Caviar], скорость [2.8]
2022-09-21 15:02:03,554 DEBUG Horse: Создание Horse, имя [War Admiral], скорость [2.9]
2022-09-21 15:02:03,554 DEBUG Horse: Создание Horse, имя [Eclipse], скорость [3.0]
2022-09-21 15:02:03,556 DEBUG Hippodrome: Создание Hippodrome, лошадей [7]
2022-09-21 15:02:03,556 INFO  Main: Начало скачек. Количество участников: 7
2022-09-21 15:02:23,907 INFO  Main: Окончание скачек. Победитель: Eclipse
2022-09-21 15:03:05,364 DEBUG Horse: Создание Horse, имя [Red Rum], скорость [2.4]
2022-09-21 15:03:05,377 DEBUG Horse: Создание Horse, имя [Lost in the Fog], скорость [2.5]
2022-09-21 15:03:05,386 DEBUG Horse: Создание Horse, имя [Native Dancer], скорость [2.6]
2022-09-21 15:03:05,386 DEBUG Horse: Создание Horse, имя [Justify], скорость [2.7]
2022-09-21 15:03:05,386 DEBUG Horse: Создание Horse, имя [Black Caviar], скорость [2.8]
2022-09-21 15:03:05,387 DEBUG Horse: Создание Horse, имя [War Admiral], скорость [2.9]
2022-09-21 15:03:05,387 DEBUG Horse: Создание Horse, имя [Eclipse], скорость [3.0]
2022-09-21 15:03:05,391 DEBUG Hippodrome: Создание Hippodrome, лошадей [7]
2022-09-21 15:03:05,393 INFO  Main: Начало скачек. Количество участников: 7
2022-09-21 15:03:25,918 INFO  Main: Окончание скачек. Победитель: Eclipse
